  Source.c
C:\Users\gorya\source\repos\ProtectedProgram\ProtectedProgram\Source.c(20,3): warning C4098: main: функция типа "void", возвращающая значение
C:\Users\gorya\source\repos\ProtectedProgram\ProtectedProgram\Source.c(22,68): warning C4133: функция: несовместимые типы - из "DWORD *" в "LPBYTE"
C:\Users\gorya\source\repos\ProtectedProgram\ProtectedProgram\Source.c(28,42): warning C4047: функция: "DWORD" отличается по уровням косвенного обращения от "void *"
C:\Users\gorya\source\repos\ProtectedProgram\ProtectedProgram\Source.c(28,38): warning C4024: RegSetValueExW: различные типы для формального и фактического параметров 3
C:\Users\gorya\source\repos\ProtectedProgram\ProtectedProgram\Source.c(28,62): warning C4133: функция: несовместимые типы - из "DWORD *" в "const BYTE *"
C:\Users\gorya\source\repos\ProtectedProgram\ProtectedProgram\Source.c(29,4): warning C4098: main: функция типа "void", возвращающая значение
C:\Users\gorya\source\repos\ProtectedProgram\ProtectedProgram\Source.c(33,42): warning C4047: функция: "DWORD" отличается по уровням косвенного обращения от "void *"
C:\Users\gorya\source\repos\ProtectedProgram\ProtectedProgram\Source.c(33,38): warning C4024: RegSetValueExW: различные типы для формального и фактического параметров 3
C:\Users\gorya\source\repos\ProtectedProgram\ProtectedProgram\Source.c(33,62): warning C4133: функция: несовместимые типы - из "DWORD *" в "const BYTE *"
C:\Users\gorya\source\repos\ProtectedProgram\ProtectedProgram\Source.c(45,44): warning C4474: "wprintf" : для строки формата передано слишком много аргументов
C:\Users\gorya\source\repos\ProtectedProgram\ProtectedProgram\Source.c(45,44): message : заполнители и их параметры ожидают переменное число аргументов в количестве 0, но было предоставлено 1
C:\Users\gorya\source\repos\ProtectedProgram\ProtectedProgram\Source.c(63,11): warning C4473: "scanf_s": передано недостаточно аргументов для строки формата
C:\Users\gorya\source\repos\ProtectedProgram\ProtectedProgram\Source.c(63,11): message : заполнители и их параметры ожидают переменное число аргументов в количестве 2, но было предоставлено 1
C:\Users\gorya\source\repos\ProtectedProgram\ProtectedProgram\Source.c(63,11): message : отсутствующий вариативный аргумент "2" требуется для строки форматирования "%c"
C:\Users\gorya\source\repos\ProtectedProgram\ProtectedProgram\Source.c(63,11): message : этот аргумент используется в качестве размера буфера
C:\Users\gorya\source\repos\ProtectedProgram\ProtectedProgram\Source.c(68,40): warning C4047: функция: "DWORD" отличается по уровням косвенного обращения от "void *"
C:\Users\gorya\source\repos\ProtectedProgram\ProtectedProgram\Source.c(68,36): warning C4024: RegSetValueExW: различные типы для формального и фактического параметров 3
C:\Users\gorya\source\repos\ProtectedProgram\ProtectedProgram\Source.c(68,60): warning C4133: функция: несовместимые типы - из "DWORD *" в "const BYTE *"
C:\Users\gorya\source\repos\ProtectedProgram\ProtectedProgram\Source.c(69,2): warning C4098: main: функция типа "void", возвращающая значение
  ProtectedProgram.vcxproj -> C:\Users\gorya\source\repos\ProtectedProgram\Debug\ProtectedProgram.exe
